2025-08-25 01:13:44,282 - INFO - Email service initialized
2025-08-25 01:13:44,296 - INFO - SENDER_EMAIL: set
2025-08-25 01:13:44,301 - INFO - APP_PASSWORD: set
2025-08-25 01:13:44,451 - INFO - Attempting to send email to: adonischiruka8@gmail.com
2025-08-25 01:13:44,452 - INFO - Using sender: chirukatakudzwa61@gmail.com
2025-08-25 01:13:44,454 - INFO - Connecting to SMTP server...
2025-08-25 01:13:44,953 - INFO - SMTP connection established
2025-08-25 01:13:45,140 - INFO - EHLO successful
2025-08-25 01:13:45,142 - INFO - Starting TLS...
2025-08-25 01:13:45,927 - INFO - TLS started
2025-08-25 01:13:45,930 - INFO - Attempting to login...
2025-08-25 01:13:46,629 - INFO - Login successful
2025-08-25 01:13:46,629 - INFO - Sending email...
2025-08-25 01:13:48,796 - INFO - Email sent successfully
2025-08-25 01:13:49,004 - INFO - Email successfully sent to adonischiruka8@gmail.com
2025-08-25 09:34:29,438 - INFO - Email service initialized
2025-08-25 09:34:29,445 - INFO - SENDER_EMAIL: set
2025-08-25 09:34:29,445 - INFO - APP_PASSWORD: set
2025-08-25 09:34:29,484 - INFO - Attempting to send email to: adonischiruka8@gmail.com
2025-08-25 09:34:29,491 - INFO - Using sender: chirukatakudzwa61@gmail.com
2025-08-25 09:34:29,492 - INFO - Connecting to SMTP server...
2025-08-25 09:34:30,623 - INFO - SMTP connection established
2025-08-25 09:34:30,825 - INFO - EHLO successful
2025-08-25 09:34:30,829 - INFO - Starting TLS...
2025-08-25 09:34:31,418 - INFO - TLS started
2025-08-25 09:34:31,418 - INFO - Attempting to login...
2025-08-25 09:34:32,132 - INFO - Login successful
2025-08-25 09:34:32,133 - INFO - Sending email...
2025-08-25 09:34:33,637 - INFO - Email sent successfully
2025-08-25 09:34:33,833 - INFO - Email successfully sent to adonischiruka8@gmail.com
2025-08-25 09:43:53,735 - INFO - Email service initialized
2025-08-25 09:43:53,744 - INFO - SENDER_EMAIL: set
2025-08-25 09:43:53,746 - INFO - APP_PASSWORD: set
2025-08-25 09:43:54,670 - INFO - Attempting to send email to: adonischiruka8@gmail.com
2025-08-25 09:43:54,671 - INFO - Using sender: chirukatakudzwa61@gmail.com
2025-08-25 09:43:54,678 - INFO - Attached image: C:\Users\ABCD\AppData\Local\Temp\tmpfcr90ze6\overall.png with CID: overall
2025-08-25 09:43:54,681 - INFO - Attached image: C:\Users\ABCD\AppData\Local\Temp\tmpfcr90ze6\by_location.png with CID: bylocation
2025-08-25 09:43:54,682 - INFO - Connecting to SMTP server...
2025-08-25 09:43:55,185 - INFO - SMTP connection established
2025-08-25 09:43:55,391 - INFO - EHLO successful
2025-08-25 09:43:55,392 - INFO - Starting TLS...
2025-08-25 09:43:55,991 - INFO - TLS started
2025-08-25 09:43:55,992 - INFO - Attempting to login...
2025-08-25 09:43:56,813 - INFO - Login successful
2025-08-25 09:43:56,850 - INFO - Sending email...
2025-08-25 09:44:00,297 - INFO - Email sent successfully
2025-08-25 09:44:00,505 - INFO - Email successfully sent to adonischiruka8@gmail.com
2025-08-25 09:46:50,929 - INFO - Email service initialized
2025-08-25 09:46:50,944 - INFO - SENDER_EMAIL: set
2025-08-25 09:46:50,947 - INFO - APP_PASSWORD: set
2025-08-25 09:46:52,320 - INFO - Attempting to send email to: stillhere4huniid@gmail.com
2025-08-25 09:46:52,320 - INFO - Using sender: chirukatakudzwa61@gmail.com
2025-08-25 09:46:52,920 - INFO - Attached image: C:\Users\ABCD\AppData\Local\Temp\tmphixqsceh\overall.png with CID: overall
2025-08-25 09:46:52,923 - INFO - Attached image: C:\Users\ABCD\AppData\Local\Temp\tmphixqsceh\by_location.png with CID: bylocation
2025-08-25 09:46:52,924 - INFO - Connecting to SMTP server...
2025-08-25 09:46:55,120 - INFO - SMTP connection established
2025-08-25 09:46:55,364 - INFO - EHLO successful
2025-08-25 09:46:55,367 - INFO - Starting TLS...
2025-08-25 09:46:56,073 - INFO - TLS started
2025-08-25 09:46:56,087 - INFO - Attempting to login...
2025-08-25 09:46:56,809 - INFO - Login successful
2025-08-25 09:46:56,815 - INFO - Sending email...
2025-08-25 09:46:59,427 - INFO - Email sent successfully
2025-08-25 09:46:59,699 - INFO - Email successfully sent to stillhere4huniid@gmail.com
2025-08-25 09:53:14,194 - INFO - Email service initialized
2025-08-25 09:53:14,200 - INFO - SENDER_EMAIL: set
2025-08-25 09:53:14,201 - INFO - APP_PASSWORD: set
2025-08-25 09:53:14,478 - INFO - Connecting to SMTP server...
2025-08-25 09:53:14,994 - INFO - SMTP connection established
2025-08-25 09:53:15,211 - INFO - EHLO successful
2025-08-25 09:53:15,212 - INFO - Starting TLS...
2025-08-25 09:53:15,813 - INFO - TLS started
2025-08-25 09:53:15,814 - INFO - Attempting to login...
2025-08-25 09:53:16,571 - INFO - Login successful
2025-08-25 09:53:16,571 - INFO - Sending email...
2025-08-25 09:53:18,098 - INFO - Email sent successfully
2025-08-25 09:53:18,303 - INFO - Email successfully sent to stillhere4huniid@gmail.com
2025-08-25 09:53:51,809 - INFO - Connecting to SMTP server...
2025-08-25 09:53:52,227 - INFO - SMTP connection established
2025-08-25 09:53:52,428 - INFO - EHLO successful
2025-08-25 09:53:52,429 - INFO - Starting TLS...
2025-08-25 09:53:52,897 - INFO - TLS started
2025-08-25 09:53:52,897 - INFO - Attempting to login...
2025-08-25 09:53:53,700 - INFO - Login successful
2025-08-25 09:53:53,700 - INFO - Sending email...
2025-08-25 09:53:55,032 - INFO - Email sent successfully
2025-08-25 09:53:55,236 - INFO - Email successfully sent to chirukakuknes@gmail.com
2025-08-25 09:57:40,344 - INFO - Email service initialized
2025-08-25 09:57:40,360 - INFO - SENDER_EMAIL: set
2025-08-25 09:57:40,362 - INFO - APP_PASSWORD: set
2025-08-25 09:57:53,070 - INFO - Connecting to SMTP server...
2025-08-25 09:57:53,556 - INFO - SMTP connection established
2025-08-25 09:57:53,772 - INFO - EHLO successful
2025-08-25 09:57:53,773 - INFO - Starting TLS...
2025-08-25 09:57:54,229 - INFO - TLS started
2025-08-25 09:57:54,229 - INFO - Attempting to login...
2025-08-25 09:57:54,977 - INFO - Login successful
2025-08-25 09:57:54,977 - INFO - Sending email...
2025-08-25 09:57:56,392 - INFO - Email sent successfully
2025-08-25 09:57:56,584 - INFO - Email successfully sent to chirukakuknes@gmail.com
2025-08-25 09:58:26,068 - INFO - Connecting to SMTP server...
2025-08-25 09:58:26,493 - INFO - SMTP connection established
2025-08-25 09:58:26,684 - INFO - EHLO successful
2025-08-25 09:58:26,690 - INFO - Starting TLS...
2025-08-25 09:58:27,092 - INFO - TLS started
2025-08-25 09:58:27,093 - INFO - Attempting to login...
2025-08-25 09:58:27,837 - INFO - Login successful
2025-08-25 09:58:27,854 - INFO - Sending email...
2025-08-25 09:58:29,178 - INFO - Email sent successfully
2025-08-25 09:58:29,369 - INFO - Email successfully sent to chirukakuknes@gmail.com
2025-08-25 10:02:07,494 - INFO - Email service initialized
2025-08-25 10:02:07,506 - INFO - SENDER_EMAIL: set
2025-08-25 10:02:07,509 - INFO - APP_PASSWORD: set
2025-08-25 10:06:31,638 - INFO - Email service initialized
2025-08-25 10:06:31,644 - INFO - SENDER_EMAIL: set
2025-08-25 10:06:31,645 - INFO - APP_PASSWORD: set
2025-08-25 10:09:29,172 - INFO - Email service initialized
2025-08-25 10:09:29,255 - INFO - SENDER_EMAIL: set
2025-08-25 10:09:29,256 - INFO - APP_PASSWORD: set
2025-08-25 10:13:54,666 - INFO - Email service initialized
2025-08-25 10:13:54,671 - INFO - SENDER_EMAIL: set
2025-08-25 10:13:54,672 - INFO - APP_PASSWORD: set
2025-08-25 10:13:55,256 - INFO - Created overall distribution chart: C:\Users\ABCD\AppData\Local\Temp\tmp8b_zayok\overall.png
2025-08-25 10:14:11,633 - INFO - Connecting to SMTP server...
2025-08-25 10:14:12,243 - INFO - SMTP connection established
2025-08-25 10:14:12,446 - INFO - EHLO successful
2025-08-25 10:14:12,446 - INFO - Starting TLS...
2025-08-25 10:14:13,079 - INFO - TLS started
2025-08-25 10:14:13,130 - INFO - Attempting to login...
2025-08-25 10:14:13,773 - INFO - Login successful
2025-08-25 10:14:13,774 - INFO - Sending email...
2025-08-25 10:14:15,270 - INFO - Email sent successfully
2025-08-25 10:14:15,462 - INFO - Email successfully sent to kukneschiruka2002@gmail.com
2025-08-25 10:16:13,874 - INFO - Email service initialized
2025-08-25 10:16:13,889 - INFO - SENDER_EMAIL: set
2025-08-25 10:16:13,904 - INFO - APP_PASSWORD: set
2025-08-25 10:16:14,789 - INFO - Attempting to send email to: kukneschiruka2002@gmail.com
2025-08-25 10:16:14,790 - INFO - Using sender: chirukatakudzwa61@gmail.com
2025-08-25 10:16:14,792 - INFO - Attached image: C:\Users\ABCD\AppData\Local\Temp\tmpshw1bt42\overall.png with CID: overall
2025-08-25 10:16:14,793 - INFO - Attached image: C:\Users\ABCD\AppData\Local\Temp\tmpshw1bt42\by_location.png with CID: bylocation
2025-08-25 10:16:14,793 - INFO - Connecting to SMTP server...
2025-08-25 10:16:15,258 - INFO - SMTP connection established
2025-08-25 10:16:15,458 - INFO - EHLO successful
2025-08-25 10:16:15,458 - INFO - Starting TLS...
2025-08-25 10:16:15,915 - INFO - TLS started
2025-08-25 10:16:15,915 - INFO - Attempting to login...
2025-08-25 10:16:16,685 - INFO - Login successful
2025-08-25 10:16:16,685 - INFO - Sending email...
2025-08-25 10:16:19,026 - INFO - Email sent successfully
2025-08-25 10:16:19,248 - INFO - Email successfully sent to kukneschiruka2002@gmail.com
